INFO: java_cmd /usr/lib/jvm/java/bin/java
INFO: jdk_version 17
StdoutLogger 2026-02-05 14:47:41,672 Start time: Thu Feb  5 14:47:41 UTC 2026
INFO: java_cmd /usr/lib/jvm/java/bin/java
INFO: jdk_version 17
StdoutLogger 2026-02-05 14:47:41,719 Added missing Java option: -Dhadoop.shell.setsid.enabled=false
OpenJDK 64-Bit Server VM warning: Option CriticalJNINatives was deprecated in version 16.0 and will likely be removed in a future release.
SLF4J(W): Class path contains multiple SLF4J providers.
SLF4J(W): Found provider [org.apache.logging.slf4j.SLF4JServiceProvider@282ba1e]
SLF4J(W): Found provider [org.slf4j.reload4j.Reload4jServiceProvider@13b6d03]
SLF4J(W): See https://www.slf4j.org/codes.html#multiple_bindings for an explanation.
SLF4J(I): Actual provider is of type [org.apache.logging.slf4j.SLF4JServiceProvider@282ba1e]
INFO: java_cmd /usr/lib/jvm/java/bin/java
INFO: jdk_version 17
StdoutLogger 2026-02-05 14:54:01,235 Start time: Thu Feb  5 14:54:01 UTC 2026
INFO: java_cmd /usr/lib/jvm/java/bin/java
INFO: jdk_version 17
StdoutLogger 2026-02-05 14:54:01,272 Added missing Java option: -Dhadoop.shell.setsid.enabled=false
OpenJDK 64-Bit Server VM warning: Option CriticalJNINatives was deprecated in version 16.0 and will likely be removed in a future release.
SLF4J(W): Class path contains multiple SLF4J providers.
SLF4J(W): Found provider [org.apache.logging.slf4j.SLF4JServiceProvider@282ba1e]
SLF4J(W): Found provider [org.slf4j.reload4j.Reload4jServiceProvider@13b6d03]
SLF4J(W): See https://www.slf4j.org/codes.html#multiple_bindings for an explanation.
SLF4J(I): Actual provider is of type [org.apache.logging.slf4j.SLF4JServiceProvider@282ba1e]
INFO: java_cmd /usr/lib/jvm/java/bin/java
INFO: jdk_version 17
StdoutLogger 2026-02-09 15:21:21,489 Start time: Mon Feb  9 15:21:21 UTC 2026
INFO: java_cmd /usr/lib/jvm/java/bin/java
INFO: jdk_version 17
StdoutLogger 2026-02-09 15:21:21,557 Added missing Java option: -Dhadoop.shell.setsid.enabled=false
OpenJDK 64-Bit Server VM warning: Option CriticalJNINatives was deprecated in version 16.0 and will likely be removed in a future release.
SLF4J(W): Class path contains multiple SLF4J providers.
SLF4J(W): Found provider [org.apache.logging.slf4j.SLF4JServiceProvider@282ba1e]
SLF4J(W): Found provider [org.slf4j.reload4j.Reload4jServiceProvider@13b6d03]
SLF4J(W): See https://www.slf4j.org/codes.html#multiple_bindings for an explanation.
SLF4J(I): Actual provider is of type [org.apache.logging.slf4j.SLF4JServiceProvider@282ba1e]
INFO: java_cmd /usr/lib/jvm/java/bin/java
INFO: jdk_version 17
StdoutLogger 2026-02-09 16:10:32,053 Start time: Mon Feb  9 16:10:32 UTC 2026
INFO: java_cmd /usr/lib/jvm/java/bin/java
INFO: jdk_version 17
StdoutLogger 2026-02-09 16:10:32,105 Added missing Java option: -Dhadoop.shell.setsid.enabled=false
OpenJDK 64-Bit Server VM warning: Option CriticalJNINatives was deprecated in version 16.0 and will likely be removed in a future release.
SLF4J(W): Class path contains multiple SLF4J providers.
SLF4J(W): Found provider [org.apache.logging.slf4j.SLF4JServiceProvider@282ba1e]
SLF4J(W): Found provider [org.slf4j.reload4j.Reload4jServiceProvider@13b6d03]
SLF4J(W): See https://www.slf4j.org/codes.html#multiple_bindings for an explanation.
SLF4J(I): Actual provider is of type [org.apache.logging.slf4j.SLF4JServiceProvider@282ba1e]
