RuntimeLogger 2026-02-26 00:00:34,721 WARN (pool-4-thread-4|386) [CloudTabletStatMgr.lambda$runAfterCatalogReady$0():127] get tablet stats return failed.
RuntimeLogger 2026-02-26 00:01:34,724 WARN (pool-4-thread-1|198) [CloudTabletStatMgr.lambda$runAfterCatalogReady$0():127] get tablet stats return failed.
RuntimeLogger 2026-02-26 00:02:34,727 WARN (pool-4-thread-2|323) [CloudTabletStatMgr.lambda$runAfterCatalogReady$0():127] get tablet stats return failed.
RuntimeLogger 2026-02-26 00:03:34,730 WARN (pool-4-thread-3|384) [CloudTabletStatMgr.lambda$runAfterCatalogReady$0():127] get tablet stats return failed.
RuntimeLogger 2026-02-26 00:04:34,733 WARN (pool-4-thread-4|386) [CloudTabletStatMgr.lambda$runAfterCatalogReady$0():127] get tablet stats return failed.
RuntimeLogger 2026-02-26 00:05:34,736 WARN (pool-4-thread-1|198) [CloudTabletStatMgr.lambda$runAfterCatalogReady$0():127] get tablet stats return failed.
RuntimeLogger 2026-02-26 00:06:34,739 WARN (pool-4-thread-2|323) [CloudTabletStatMgr.lambda$runAfterCatalogReady$0():127] get tablet stats return failed.
RuntimeLogger 2026-02-26 00:07:34,742 WARN (pool-4-thread-3|384) [CloudTabletStatMgr.lambda$runAfterCatalogReady$0():127] get tablet stats return failed.
RuntimeLogger 2026-02-26 00:08:34,745 WARN (pool-4-thread-4|386) [CloudTabletStatMgr.lambda$runAfterCatalogReady$0():127] get tablet stats return failed.
RuntimeLogger 2026-02-26 00:09:34,748 WARN (pool-4-thread-1|198) [CloudTabletStatMgr.lambda$runAfterCatalogReady$0():127] get tablet stats return failed.
RuntimeLogger 2026-02-26 00:10:34,751 WARN (pool-4-thread-2|323) [CloudTabletStatMgr.lambda$runAfterCatalogReady$0():127] get tablet stats return failed.
RuntimeLogger 2026-02-26 00:11:34,754 WARN (pool-4-thread-3|384) [CloudTabletStatMgr.lambda$runAfterCatalogReady$0():127] get tablet stats return failed.
RuntimeLogger 2026-02-26 00:12:34,759 WARN (pool-4-thread-4|386) [CloudTabletStatMgr.lambda$runAfterCatalogReady$0():127] get tablet stats return failed.
RuntimeLogger 2026-02-26 00:13:34,762 WARN (pool-4-thread-1|198) [CloudTabletStatMgr.lambda$runAfterCatalogReady$0():127] get tablet stats return failed.
RuntimeLogger 2026-02-26 00:14:34,768 WARN (pool-4-thread-2|323) [CloudTabletStatMgr.lambda$runAfterCatalogReady$0():127] get tablet stats return failed.
RuntimeLogger 2026-02-26 00:15:34,771 WARN (pool-4-thread-3|384) [CloudTabletStatMgr.lambda$runAfterCatalogReady$0():127] get tablet stats return failed.
RuntimeLogger 2026-02-26 00:16:34,774 WARN (pool-4-thread-4|386) [CloudTabletStatMgr.lambda$runAfterCatalogReady$0():127] get tablet stats return failed.
RuntimeLogger 2026-02-26 00:17:34,777 WARN (pool-4-thread-1|198) [CloudTabletStatMgr.lambda$runAfterCatalogReady$0():127] get tablet stats return failed.
RuntimeLogger 2026-02-26 00:18:34,783 WARN (pool-4-thread-2|323) [CloudTabletStatMgr.lambda$runAfterCatalogReady$0():127] get tablet stats return failed.
RuntimeLogger 2026-02-26 00:19:34,787 WARN (pool-4-thread-3|384) [CloudTabletStatMgr.lambda$runAfterCatalogReady$0():127] get tablet stats return failed.
RuntimeLogger 2026-02-26 00:20:34,793 WARN (pool-4-thread-4|386) [CloudTabletStatMgr.lambda$runAfterCatalogReady$0():127] get tablet stats return failed.
RuntimeLogger 2026-02-26 00:21:34,796 WARN (pool-4-thread-1|198) [CloudTabletStatMgr.lambda$runAfterCatalogReady$0():127] get tablet stats return failed.
RuntimeLogger 2026-02-26 00:22:34,799 WARN (pool-4-thread-2|323) [CloudTabletStatMgr.lambda$runAfterCatalogReady$0():127] get tablet stats return failed.
RuntimeLogger 2026-02-26 00:23:34,804 WARN (pool-4-thread-3|384) [CloudTabletStatMgr.lambda$runAfterCatalogReady$0():127] get tablet stats return failed.
RuntimeLogger 2026-02-26 00:24:34,810 WARN (pool-4-thread-4|386) [CloudTabletStatMgr.lambda$runAfterCatalogReady$0():127] get tablet stats return failed.
RuntimeLogger 2026-02-26 00:25:34,812 WARN (pool-4-thread-1|198) [CloudTabletStatMgr.lambda$runAfterCatalogReady$0():127] get tablet stats return failed.
RuntimeLogger 2026-02-26 00:26:34,818 WARN (pool-4-thread-2|323) [CloudTabletStatMgr.lambda$runAfterCatalogReady$0():127] get tablet stats return failed.
RuntimeLogger 2026-02-26 00:27:34,823 WARN (pool-4-thread-3|384) [CloudTabletStatMgr.lambda$runAfterCatalogReady$0():127] get tablet stats return failed.
RuntimeLogger 2026-02-26 00:28:34,826 WARN (pool-4-thread-4|386) [CloudTabletStatMgr.lambda$runAfterCatalogReady$0():127] get tablet stats return failed.
RuntimeLogger 2026-02-26 00:29:34,829 WARN (pool-4-thread-1|198) [CloudTabletStatMgr.lambda$runAfterCatalogReady$0():127] get tablet stats return failed.
RuntimeLogger 2026-02-26 00:30:34,832 WARN (pool-4-thread-2|323) [CloudTabletStatMgr.lambda$runAfterCatalogReady$0():127] get tablet stats return failed.
RuntimeLogger 2026-02-26 00:31:34,837 WARN (pool-4-thread-3|384) [CloudTabletStatMgr.lambda$runAfterCatalogReady$0():127] get tablet stats return failed.
RuntimeLogger 2026-02-26 00:32:34,843 WARN (pool-4-thread-4|386) [CloudTabletStatMgr.lambda$runAfterCatalogReady$0():127] get tablet stats return failed.
RuntimeLogger 2026-02-26 00:33:34,846 WARN (pool-4-thread-1|198) [CloudTabletStatMgr.lambda$runAfterCatalogReady$0():127] get tablet stats return failed.
RuntimeLogger 2026-02-26 00:34:34,849 WARN (pool-4-thread-2|323) [CloudTabletStatMgr.lambda$runAfterCatalogReady$0():127] get tablet stats return failed.
RuntimeLogger 2026-02-26 00:35:34,854 WARN (pool-4-thread-3|384) [CloudTabletStatMgr.lambda$runAfterCatalogReady$0():127] get tablet stats return failed.
RuntimeLogger 2026-02-26 00:36:08,309 ERROR (thrift-server-pool-8|411) [TThreadPoolServer$WorkerProcess.run():260] Thrift Error occurred during processing of message.
org.apache.thrift.transport.TTransportException: java.net.SocketException: Connection reset
	at org.apache.thrift.transport.TIOStreamTransport.read(TIOStreamTransport.java:181)
	at org.apache.thrift.transport.TTransport.readAll(TTransport.java:109)
	at org.apache.thrift.protocol.TBinaryProtocol.readAll(TBinaryProtocol.java:464)
	at org.apache.thrift.protocol.TBinaryProtocol.readI32(TBinaryProtocol.java:362)
	at org.apache.thrift.protocol.TBinaryProtocol.readMessageBegin(TBinaryProtocol.java:245)
	at org.apache.thrift.TBaseProcessor.process(TBaseProcessor.java:27)
	at org.apache.thrift.server.TThreadPoolServer$WorkerProcess.run(TThreadPoolServer.java:250)
	at java.base/java.util.concurrent.ThreadPoolExecutor.runWorker(ThreadPoolExecutor.java:1136)
	at java.base/java.util.concurrent.ThreadPoolExecutor$Worker.run(ThreadPoolExecutor.java:635)
	at java.base/java.lang.Thread.run(Thread.java:833)
Caused by: java.net.SocketException: Connection reset
	at java.base/sun.nio.ch.NioSocketImpl.implRead(NioSocketImpl.java:323)
	at java.base/sun.nio.ch.NioSocketImpl.read(NioSocketImpl.java:350)
	at java.base/sun.nio.ch.NioSocketImpl$1.read(NioSocketImpl.java:803)
	at java.base/java.net.Socket$SocketInputStream.read(Socket.java:966)
	at java.base/java.io.BufferedInputStream.fill(BufferedInputStream.java:244)
	at java.base/java.io.BufferedInputStream.read1(BufferedInputStream.java:284)
	at java.base/java.io.BufferedInputStream.read(BufferedInputStream.java:343)
	at org.apache.thrift.transport.TIOStreamTransport.read(TIOStreamTransport.java:177)
	... 9 more
RuntimeLogger 2026-02-26 00:36:08,311 ERROR (thrift-server-pool-6|262) [TThreadPoolServer$WorkerProcess.run():260] Thrift Error occurred during processing of message.
org.apache.thrift.transport.TTransportException: java.net.SocketException: Connection reset
	at org.apache.thrift.transport.TIOStreamTransport.read(TIOStreamTransport.java:181)
	at org.apache.thrift.transport.TTransport.readAll(TTransport.java:109)
	at org.apache.thrift.protocol.TBinaryProtocol.readAll(TBinaryProtocol.java:464)
	at org.apache.thrift.protocol.TBinaryProtocol.readI32(TBinaryProtocol.java:362)
	at org.apache.thrift.protocol.TBinaryProtocol.readMessageBegin(TBinaryProtocol.java:245)
	at org.apache.thrift.TBaseProcessor.process(TBaseProcessor.java:27)
	at org.apache.thrift.server.TThreadPoolServer$WorkerProcess.run(TThreadPoolServer.java:250)
	at java.base/java.util.concurrent.ThreadPoolExecutor.runWorker(ThreadPoolExecutor.java:1136)
	at java.base/java.util.concurrent.ThreadPoolExecutor$Worker.run(ThreadPoolExecutor.java:635)
	at java.base/java.lang.Thread.run(Thread.java:833)
Caused by: java.net.SocketException: Connection reset
	at java.base/sun.nio.ch.NioSocketImpl.implRead(NioSocketImpl.java:323)
	at java.base/sun.nio.ch.NioSocketImpl.read(NioSocketImpl.java:350)
	at java.base/sun.nio.ch.NioSocketImpl$1.read(NioSocketImpl.java:803)
	at java.base/java.net.Socket$SocketInputStream.read(Socket.java:966)
	at java.base/java.io.BufferedInputStream.fill(BufferedInputStream.java:244)
	at java.base/java.io.BufferedInputStream.read1(BufferedInputStream.java:284)
	at java.base/java.io.BufferedInputStream.read(BufferedInputStream.java:343)
	at org.apache.thrift.transport.TIOStreamTransport.read(TIOStreamTransport.java:177)
	... 9 more
RuntimeLogger 2026-02-26 00:36:08,311 ERROR (thrift-server-pool-1|207) [TThreadPoolServer$WorkerProcess.run():260] Thrift Error occurred during processing of message.
org.apache.thrift.transport.TTransportException: java.net.SocketException: Connection reset
	at org.apache.thrift.transport.TIOStreamTransport.read(TIOStreamTransport.java:181)
	at org.apache.thrift.transport.TTransport.readAll(TTransport.java:109)
	at org.apache.thrift.protocol.TBinaryProtocol.readAll(TBinaryProtocol.java:464)
	at org.apache.thrift.protocol.TBinaryProtocol.readI32(TBinaryProtocol.java:362)
	at org.apache.thrift.protocol.TBinaryProtocol.readMessageBegin(TBinaryProtocol.java:245)
	at org.apache.thrift.TBaseProcessor.process(TBaseProcessor.java:27)
	at org.apache.thrift.server.TThreadPoolServer$WorkerProcess.run(TThreadPoolServer.java:250)
	at java.base/java.util.concurrent.ThreadPoolExecutor.runWorker(ThreadPoolExecutor.java:1136)
	at java.base/java.util.concurrent.ThreadPoolExecutor$Worker.run(ThreadPoolExecutor.java:635)
	at java.base/java.lang.Thread.run(Thread.java:833)
Caused by: java.net.SocketException: Connection reset
	at java.base/sun.nio.ch.NioSocketImpl.implRead(NioSocketImpl.java:323)
	at java.base/sun.nio.ch.NioSocketImpl.read(NioSocketImpl.java:350)
	at java.base/sun.nio.ch.NioSocketImpl$1.read(NioSocketImpl.java:803)
	at java.base/java.net.Socket$SocketInputStream.read(Socket.java:966)
	at java.base/java.io.BufferedInputStream.fill(BufferedInputStream.java:244)
	at java.base/java.io.BufferedInputStream.read1(BufferedInputStream.java:284)
	at java.base/java.io.BufferedInputStream.read(BufferedInputStream.java:343)
	at org.apache.thrift.transport.TIOStreamTransport.read(TIOStreamTransport.java:177)
	... 9 more
RuntimeLogger 2026-02-26 00:36:08,311 ERROR (thrift-server-pool-3|259) [TThreadPoolServer$WorkerProcess.run():260] Thrift Error occurred during processing of message.
org.apache.thrift.transport.TTransportException: java.net.SocketException: Connection reset
	at org.apache.thrift.transport.TIOStreamTransport.read(TIOStreamTransport.java:181)
	at org.apache.thrift.transport.TTransport.readAll(TTransport.java:109)
	at org.apache.thrift.protocol.TBinaryProtocol.readAll(TBinaryProtocol.java:464)
	at org.apache.thrift.protocol.TBinaryProtocol.readI32(TBinaryProtocol.java:362)
	at org.apache.thrift.protocol.TBinaryProtocol.readMessageBegin(TBinaryProtocol.java:245)
	at org.apache.thrift.TBaseProcessor.process(TBaseProcessor.java:27)
	at org.apache.thrift.server.TThreadPoolServer$WorkerProcess.run(TThreadPoolServer.java:250)
	at java.base/java.util.concurrent.ThreadPoolExecutor.runWorker(ThreadPoolExecutor.java:1136)
	at java.base/java.util.concurrent.ThreadPoolExecutor$Worker.run(ThreadPoolExecutor.java:635)
	at java.base/java.lang.Thread.run(Thread.java:833)
Caused by: java.net.SocketException: Connection reset
	at java.base/sun.nio.ch.NioSocketImpl.implRead(NioSocketImpl.java:323)
	at java.base/sun.nio.ch.NioSocketImpl.read(NioSocketImpl.java:350)
	at java.base/sun.nio.ch.NioSocketImpl$1.read(NioSocketImpl.java:803)
	at java.base/java.net.Socket$SocketInputStream.read(Socket.java:966)
	at java.base/java.io.BufferedInputStream.fill(BufferedInputStream.java:244)
	at java.base/java.io.BufferedInputStream.read1(BufferedInputStream.java:284)
	at java.base/java.io.BufferedInputStream.read(BufferedInputStream.java:343)
	at org.apache.thrift.transport.TIOStreamTransport.read(TIOStreamTransport.java:177)
	... 9 more
RuntimeLogger 2026-02-26 00:36:08,311 ERROR (thrift-server-pool-0|205) [TThreadPoolServer$WorkerProcess.run():260] Thrift Error occurred during processing of message.
org.apache.thrift.transport.TTransportException: java.net.SocketException: Connection reset
	at org.apache.thrift.transport.TIOStreamTransport.read(TIOStreamTransport.java:181)
	at org.apache.thrift.transport.TTransport.readAll(TTransport.java:109)
	at org.apache.thrift.protocol.TBinaryProtocol.readAll(TBinaryProtocol.java:464)
	at org.apache.thrift.protocol.TBinaryProtocol.readI32(TBinaryProtocol.java:362)
	at org.apache.thrift.protocol.TBinaryProtocol.readMessageBegin(TBinaryProtocol.java:245)
	at org.apache.thrift.TBaseProcessor.process(TBaseProcessor.java:27)
	at org.apache.thrift.server.TThreadPoolServer$WorkerProcess.run(TThreadPoolServer.java:250)
	at java.base/java.util.concurrent.ThreadPoolExecutor.runWorker(ThreadPoolExecutor.java:1136)
	at java.base/java.util.concurrent.ThreadPoolExecutor$Worker.run(ThreadPoolExecutor.java:635)
	at java.base/java.lang.Thread.run(Thread.java:833)
Caused by: java.net.SocketException: Connection reset
	at java.base/sun.nio.ch.NioSocketImpl.implRead(NioSocketImpl.java:323)
	at java.base/sun.nio.ch.NioSocketImpl.read(NioSocketImpl.java:350)
	at java.base/sun.nio.ch.NioSocketImpl$1.read(NioSocketImpl.java:803)
	at java.base/java.net.Socket$SocketInputStream.read(Socket.java:966)
	at java.base/java.io.BufferedInputStream.fill(BufferedInputStream.java:244)
	at java.base/java.io.BufferedInputStream.read1(BufferedInputStream.java:284)
	at java.base/java.io.BufferedInputStream.read(BufferedInputStream.java:343)
	at org.apache.thrift.transport.TIOStreamTransport.read(TIOStreamTransport.java:177)
	... 9 more
RuntimeLogger 2026-02-26 00:36:08,318 ERROR (thrift-server-pool-9|532) [TThreadPoolServer$WorkerProcess.run():260] Thrift Error occurred during processing of message.
org.apache.thrift.transport.TTransportException: java.net.SocketException: Connection reset
	at org.apache.thrift.transport.TIOStreamTransport.read(TIOStreamTransport.java:181)
	at org.apache.thrift.transport.TTransport.readAll(TTransport.java:109)
	at org.apache.thrift.protocol.TBinaryProtocol.readAll(TBinaryProtocol.java:464)
	at org.apache.thrift.protocol.TBinaryProtocol.readI32(TBinaryProtocol.java:362)
	at org.apache.thrift.protocol.TBinaryProtocol.readMessageBegin(TBinaryProtocol.java:245)
	at org.apache.thrift.TBaseProcessor.process(TBaseProcessor.java:27)
	at org.apache.thrift.server.TThreadPoolServer$WorkerProcess.run(TThreadPoolServer.java:250)
	at java.base/java.util.concurrent.ThreadPoolExecutor.runWorker(ThreadPoolExecutor.java:1136)
	at java.base/java.util.concurrent.ThreadPoolExecutor$Worker.run(ThreadPoolExecutor.java:635)
	at java.base/java.lang.Thread.run(Thread.java:833)
Caused by: java.net.SocketException: Connection reset
	at java.base/sun.nio.ch.NioSocketImpl.implRead(NioSocketImpl.java:323)
	at java.base/sun.nio.ch.NioSocketImpl.read(NioSocketImpl.java:350)
	at java.base/sun.nio.ch.NioSocketImpl$1.read(NioSocketImpl.java:803)
	at java.base/java.net.Socket$SocketInputStream.read(Socket.java:966)
	at java.base/java.io.BufferedInputStream.fill(BufferedInputStream.java:244)
	at java.base/java.io.BufferedInputStream.read1(BufferedInputStream.java:284)
	at java.base/java.io.BufferedInputStream.read(BufferedInputStream.java:343)
	at org.apache.thrift.transport.TIOStreamTransport.read(TIOStreamTransport.java:177)
	... 9 more
RuntimeLogger 2026-02-26 00:36:08,319 ERROR (thrift-server-pool-10|613) [TThreadPoolServer$WorkerProcess.run():260] Thrift Error occurred during processing of message.
org.apache.thrift.transport.TTransportException: java.net.SocketException: Connection reset
	at org.apache.thrift.transport.TIOStreamTransport.read(TIOStreamTransport.java:181)
	at org.apache.thrift.transport.TTransport.readAll(TTransport.java:109)
	at org.apache.thrift.protocol.TBinaryProtocol.readAll(TBinaryProtocol.java:464)
	at org.apache.thrift.protocol.TBinaryProtocol.readI32(TBinaryProtocol.java:362)
	at org.apache.thrift.protocol.TBinaryProtocol.readMessageBegin(TBinaryProtocol.java:245)
	at org.apache.thrift.TBaseProcessor.process(TBaseProcessor.java:27)
	at org.apache.thrift.server.TThreadPoolServer$WorkerProcess.run(TThreadPoolServer.java:250)
	at java.base/java.util.concurrent.ThreadPoolExecutor.runWorker(ThreadPoolExecutor.java:1136)
	at java.base/java.util.concurrent.ThreadPoolExecutor$Worker.run(ThreadPoolExecutor.java:635)
	at java.base/java.lang.Thread.run(Thread.java:833)
Caused by: java.net.SocketException: Connection reset
	at java.base/sun.nio.ch.NioSocketImpl.implRead(NioSocketImpl.java:323)
	at java.base/sun.nio.ch.NioSocketImpl.read(NioSocketImpl.java:350)
	at java.base/sun.nio.ch.NioSocketImpl$1.read(NioSocketImpl.java:803)
	at java.base/java.net.Socket$SocketInputStream.read(Socket.java:966)
	at java.base/java.io.BufferedInputStream.fill(BufferedInputStream.java:244)
	at java.base/java.io.BufferedInputStream.read1(BufferedInputStream.java:284)
	at java.base/java.io.BufferedInputStream.read(BufferedInputStream.java:343)
	at org.apache.thrift.transport.TIOStreamTransport.read(TIOStreamTransport.java:177)
	... 9 more
RuntimeLogger 2026-02-26 00:36:08,320 ERROR (thrift-server-pool-4|260) [TThreadPoolServer$WorkerProcess.run():260] Thrift Error occurred during processing of message.
org.apache.thrift.transport.TTransportException: java.net.SocketException: Connection reset
	at org.apache.thrift.transport.TIOStreamTransport.read(TIOStreamTransport.java:181)
	at org.apache.thrift.transport.TTransport.readAll(TTransport.java:109)
	at org.apache.thrift.protocol.TBinaryProtocol.readAll(TBinaryProtocol.java:464)
	at org.apache.thrift.protocol.TBinaryProtocol.readI32(TBinaryProtocol.java:362)
	at org.apache.thrift.protocol.TBinaryProtocol.readMessageBegin(TBinaryProtocol.java:245)
	at org.apache.thrift.TBaseProcessor.process(TBaseProcessor.java:27)
	at org.apache.thrift.server.TThreadPoolServer$WorkerProcess.run(TThreadPoolServer.java:250)
	at java.base/java.util.concurrent.ThreadPoolExecutor.runWorker(ThreadPoolExecutor.java:1136)
	at java.base/java.util.concurrent.ThreadPoolExecutor$Worker.run(ThreadPoolExecutor.java:635)
	at java.base/java.lang.Thread.run(Thread.java:833)
Caused by: java.net.SocketException: Connection reset
	at java.base/sun.nio.ch.NioSocketImpl.implRead(NioSocketImpl.java:323)
	at java.base/sun.nio.ch.NioSocketImpl.read(NioSocketImpl.java:350)
	at java.base/sun.nio.ch.NioSocketImpl$1.read(NioSocketImpl.java:803)
	at java.base/java.net.Socket$SocketInputStream.read(Socket.java:966)
	at java.base/java.io.BufferedInputStream.fill(BufferedInputStream.java:244)
	at java.base/java.io.BufferedInputStream.read1(BufferedInputStream.java:284)
	at java.base/java.io.BufferedInputStream.read(BufferedInputStream.java:343)
	at org.apache.thrift.transport.TIOStreamTransport.read(TIOStreamTransport.java:177)
	... 9 more
RuntimeLogger 2026-02-26 00:36:08,320 ERROR (thrift-server-pool-2|246) [TThreadPoolServer$WorkerProcess.run():260] Thrift Error occurred during processing of message.
org.apache.thrift.transport.TTransportException: java.net.SocketException: Connection reset
	at org.apache.thrift.transport.TIOStreamTransport.read(TIOStreamTransport.java:181)
	at org.apache.thrift.transport.TTransport.readAll(TTransport.java:109)
	at org.apache.thrift.protocol.TBinaryProtocol.readAll(TBinaryProtocol.java:464)
	at org.apache.thrift.protocol.TBinaryProtocol.readI32(TBinaryProtocol.java:362)
	at org.apache.thrift.protocol.TBinaryProtocol.readMessageBegin(TBinaryProtocol.java:245)
	at org.apache.thrift.TBaseProcessor.process(TBaseProcessor.java:27)
	at org.apache.thrift.server.TThreadPoolServer$WorkerProcess.run(TThreadPoolServer.java:250)
	at java.base/java.util.concurrent.ThreadPoolExecutor.runWorker(ThreadPoolExecutor.java:1136)
	at java.base/java.util.concurrent.ThreadPoolExecutor$Worker.run(ThreadPoolExecutor.java:635)
	at java.base/java.lang.Thread.run(Thread.java:833)
Caused by: java.net.SocketException: Connection reset
	at java.base/sun.nio.ch.NioSocketImpl.implRead(NioSocketImpl.java:323)
	at java.base/sun.nio.ch.NioSocketImpl.read(NioSocketImpl.java:350)
	at java.base/sun.nio.ch.NioSocketImpl$1.read(NioSocketImpl.java:803)
	at java.base/java.net.Socket$SocketInputStream.read(Socket.java:966)
	at java.base/java.io.BufferedInputStream.fill(BufferedInputStream.java:244)
	at java.base/java.io.BufferedInputStream.read1(BufferedInputStream.java:284)
	at java.base/java.io.BufferedInputStream.read(BufferedInputStream.java:343)
	at org.apache.thrift.transport.TIOStreamTransport.read(TIOStreamTransport.java:177)
	... 9 more
RuntimeLogger 2026-02-26 00:36:08,320 ERROR (thrift-server-pool-5|261) [TThreadPoolServer$WorkerProcess.run():260] Thrift Error occurred during processing of message.
org.apache.thrift.transport.TTransportException: java.net.SocketException: Connection reset
	at org.apache.thrift.transport.TIOStreamTransport.read(TIOStreamTransport.java:181)
	at org.apache.thrift.transport.TTransport.readAll(TTransport.java:109)
	at org.apache.thrift.protocol.TBinaryProtocol.readAll(TBinaryProtocol.java:464)
	at org.apache.thrift.protocol.TBinaryProtocol.readI32(TBinaryProtocol.java:362)
	at org.apache.thrift.protocol.TBinaryProtocol.readMessageBegin(TBinaryProtocol.java:245)
	at org.apache.thrift.TBaseProcessor.process(TBaseProcessor.java:27)
	at org.apache.thrift.server.TThreadPoolServer$WorkerProcess.run(TThreadPoolServer.java:250)
	at java.base/java.util.concurrent.ThreadPoolExecutor.runWorker(ThreadPoolExecutor.java:1136)
	at java.base/java.util.concurrent.ThreadPoolExecutor$Worker.run(ThreadPoolExecutor.java:635)
	at java.base/java.lang.Thread.run(Thread.java:833)
Caused by: java.net.SocketException: Connection reset
	at java.base/sun.nio.ch.NioSocketImpl.implRead(NioSocketImpl.java:323)
	at java.base/sun.nio.ch.NioSocketImpl.read(NioSocketImpl.java:350)
	at java.base/sun.nio.ch.NioSocketImpl$1.read(NioSocketImpl.java:803)
	at java.base/java.net.Socket$SocketInputStream.read(Socket.java:966)
	at java.base/java.io.BufferedInputStream.fill(BufferedInputStream.java:244)
	at java.base/java.io.BufferedInputStream.read1(BufferedInputStream.java:284)
	at java.base/java.io.BufferedInputStream.read(BufferedInputStream.java:343)
	at org.apache.thrift.transport.TIOStreamTransport.read(TIOStreamTransport.java:177)
	... 9 more
RuntimeLogger 2026-02-26 00:36:09,620 WARN (heartbeat-mgr-pool-6|256) [HeartbeatMgr$BackendHeartbeatHandler.pingOnce():377] backend heartbeat got exception
org.apache.thrift.transport.TTransportException: Socket is closed by peer.
	at org.apache.thrift.transport.TIOStreamTransport.read(TIOStreamTransport.java:184)
	at org.apache.thrift.transport.TTransport.readAll(TTransport.java:109)
	at org.apache.thrift.protocol.TBinaryProtocol.readAll(TBinaryProtocol.java:464)
	at org.apache.thrift.protocol.TBinaryProtocol.readI32(TBinaryProtocol.java:362)
	at org.apache.thrift.protocol.TBinaryProtocol.readMessageBegin(TBinaryProtocol.java:245)
	at org.apache.thrift.TServiceClient.receiveBase(TServiceClient.java:77)
	at org.apache.doris.thrift.HeartbeatService$Client.recvHeartbeat(HeartbeatService.java:61)
	at org.apache.doris.thrift.HeartbeatService$Client.heartbeat(HeartbeatService.java:48)
	at org.apache.doris.system.HeartbeatMgr$BackendHeartbeatHandler.pingOnce(HeartbeatMgr.java:314)
	at org.apache.doris.system.HeartbeatMgr$BackendHeartbeatHandler.call(HeartbeatMgr.java:280)
	at org.apache.doris.system.HeartbeatMgr$BackendHeartbeatHandler.call(HeartbeatMgr.java:269)
	at java.base/java.util.concurrent.FutureTask.run(FutureTask.java:264)
	at java.base/java.util.concurrent.ThreadPoolExecutor.runWorker(ThreadPoolExecutor.java:1136)
	at java.base/java.util.concurrent.ThreadPoolExecutor$Worker.run(ThreadPoolExecutor.java:635)
	at java.base/java.lang.Thread.run(Thread.java:833)
RuntimeLogger 2026-02-26 00:36:09,620 WARN (heartbeat-mgr-pool-1|196) [HeartbeatMgr$BackendHeartbeatHandler.pingOnce():377] backend heartbeat got exception
org.apache.thrift.transport.TTransportException: Socket is closed by peer.
	at org.apache.thrift.transport.TIOStreamTransport.read(TIOStreamTransport.java:184)
	at org.apache.thrift.transport.TTransport.readAll(TTransport.java:109)
	at org.apache.thrift.protocol.TBinaryProtocol.readAll(TBinaryProtocol.java:464)
	at org.apache.thrift.protocol.TBinaryProtocol.readI32(TBinaryProtocol.java:362)
	at org.apache.thrift.protocol.TBinaryProtocol.readMessageBegin(TBinaryProtocol.java:245)
	at org.apache.thrift.TServiceClient.receiveBase(TServiceClient.java:77)
	at org.apache.doris.thrift.HeartbeatService$Client.recvHeartbeat(HeartbeatService.java:61)
	at org.apache.doris.thrift.HeartbeatService$Client.heartbeat(HeartbeatService.java:48)
	at org.apache.doris.system.HeartbeatMgr$BackendHeartbeatHandler.pingOnce(HeartbeatMgr.java:314)
	at org.apache.doris.system.HeartbeatMgr$BackendHeartbeatHandler.call(HeartbeatMgr.java:280)
	at org.apache.doris.system.HeartbeatMgr$BackendHeartbeatHandler.call(HeartbeatMgr.java:269)
	at java.base/java.util.concurrent.FutureTask.run(FutureTask.java:264)
	at java.base/java.util.concurrent.ThreadPoolExecutor.runWorker(ThreadPoolExecutor.java:1136)
	at java.base/java.util.concurrent.ThreadPoolExecutor$Worker.run(ThreadPoolExecutor.java:635)
	at java.base/java.lang.Thread.run(Thread.java:833)
RuntimeLogger 2026-02-26 00:36:09,646 WARN (heartbeat-mgr-pool-1|196) [HeartbeatMgr$BackendHeartbeatHandler.pingOnce():377] backend heartbeat got exception
org.apache.thrift.transport.TTransportException: java.net.ConnectException: Connection refused
	at org.apache.thrift.transport.TSocket.open(TSocket.java:255)
	at org.apache.doris.common.GenericPool$ThriftClientFactory.create(GenericPool.java:143)
	at org.apache.doris.common.GenericPool$ThriftClientFactory.create(GenericPool.java:126)
	at org.apache.commons.pool2.BaseKeyedPooledObjectFactory.makeObject(BaseKeyedPooledObjectFactory.java:62)
	at org.apache.commons.pool2.impl.GenericKeyedObjectPool.create(GenericKeyedObjectPool.java:1012)
	at org.apache.commons.pool2.impl.GenericKeyedObjectPool.borrowObject(GenericKeyedObjectPool.java:356)
	at org.apache.commons.pool2.impl.GenericKeyedObjectPool.borrowObject(GenericKeyedObjectPool.java:277)
	at org.apache.doris.common.GenericPool.borrowObject(GenericPool.java:95)
	at org.apache.doris.system.HeartbeatMgr$BackendHeartbeatHandler.pingOnce(HeartbeatMgr.java:313)
	at org.apache.doris.system.HeartbeatMgr$BackendHeartbeatHandler.call(HeartbeatMgr.java:283)
	at org.apache.doris.system.HeartbeatMgr$BackendHeartbeatHandler.call(HeartbeatMgr.java:269)
	at java.base/java.util.concurrent.FutureTask.run(FutureTask.java:264)
	at java.base/java.util.concurrent.ThreadPoolExecutor.runWorker(ThreadPoolExecutor.java:1136)
	at java.base/java.util.concurrent.ThreadPoolExecutor$Worker.run(ThreadPoolExecutor.java:635)
	at java.base/java.lang.Thread.run(Thread.java:833)
Caused by: java.net.ConnectException: Connection refused
	at java.base/sun.nio.ch.Net.pollConnect(Native Method)
	at java.base/sun.nio.ch.Net.pollConnectNow(Net.java:672)
	at java.base/sun.nio.ch.NioSocketImpl.timedFinishConnect(NioSocketImpl.java:542)
	at java.base/sun.nio.ch.NioSocketImpl.connect(NioSocketImpl.java:597)
	at java.base/java.net.SocksSocketImpl.connect(SocksSocketImpl.java:327)
	at java.base/java.net.Socket.connect(Socket.java:633)
	at org.apache.thrift.transport.TSocket.open(TSocket.java:250)
	... 14 more
RuntimeLogger 2026-02-26 00:36:11,296 WARN (Dictionary Manager|84) [DictionaryManager.collectDictionaryStatus():727] failed to get dictionary status from backend[1771943643682]
org.apache.thrift.transport.TTransportException: Socket is closed by peer.
	at org.apache.thrift.transport.TIOStreamTransport.read(TIOStreamTransport.java:184)
	at org.apache.thrift.transport.TTransport.readAll(TTransport.java:109)
	at org.apache.thrift.protocol.TBinaryProtocol.readAll(TBinaryProtocol.java:464)
	at org.apache.thrift.protocol.TBinaryProtocol.readI32(TBinaryProtocol.java:362)
	at org.apache.thrift.protocol.TBinaryProtocol.readMessageBegin(TBinaryProtocol.java:245)
	at org.apache.thrift.TServiceClient.receiveBase(TServiceClient.java:77)
	at org.apache.doris.thrift.BackendService$Client.recvGetDictionaryStatus(BackendService.java:655)
	at org.apache.doris.thrift.BackendService$Client.getDictionaryStatus(BackendService.java:642)
	at org.apache.doris.dictionary.DictionaryManager.collectDictionaryStatus(DictionaryManager.java:724)
	at org.apache.doris.dictionary.DictionaryManager.checkAndUpdateDictionaries(DictionaryManager.java:329)
	at org.apache.doris.dictionary.DictionaryManager.runAfterCatalogReady(DictionaryManager.java:134)
	at org.apache.doris.common.util.MasterDaemon.runOneCycle(MasterDaemon.java:58)
	at org.apache.doris.common.util.Daemon.run(Daemon.java:119)
RuntimeLogger 2026-02-26 00:36:11,296 WARN (Dictionary Manager|84) [DictionaryManager.runAfterCatalogReady():136] Failed to check and update dictionaries
java.lang.RuntimeException: failed to get dictionary status from backend[1771943643682]
	at org.apache.doris.dictionary.DictionaryManager.collectDictionaryStatus(DictionaryManager.java:732)
	at org.apache.doris.dictionary.DictionaryManager.checkAndUpdateDictionaries(DictionaryManager.java:329)
	at org.apache.doris.dictionary.DictionaryManager.runAfterCatalogReady(DictionaryManager.java:134)
	at org.apache.doris.common.util.MasterDaemon.runOneCycle(MasterDaemon.java:58)
	at org.apache.doris.common.util.Daemon.run(Daemon.java:119)
RuntimeLogger 2026-02-26 00:36:16,296 WARN (Dictionary Manager|84) [DictionaryManager.collectDictionaryStatus():727] failed to get dictionary status from backend[1771943643682]
org.apache.thrift.transport.TTransportException: Socket is closed by peer.
	at org.apache.thrift.transport.TIOStreamTransport.read(TIOStreamTransport.java:184)
	at org.apache.thrift.transport.TTransport.readAll(TTransport.java:109)
	at org.apache.thrift.protocol.TBinaryProtocol.readAll(TBinaryProtocol.java:464)
	at org.apache.thrift.protocol.TBinaryProtocol.readI32(TBinaryProtocol.java:362)
	at org.apache.thrift.protocol.TBinaryProtocol.readMessageBegin(TBinaryProtocol.java:245)
	at org.apache.thrift.TServiceClient.receiveBase(TServiceClient.java:77)
	at org.apache.doris.thrift.BackendService$Client.recvGetDictionaryStatus(BackendService.java:655)
	at org.apache.doris.thrift.BackendService$Client.getDictionaryStatus(BackendService.java:642)
	at org.apache.doris.dictionary.DictionaryManager.collectDictionaryStatus(DictionaryManager.java:724)
	at org.apache.doris.dictionary.DictionaryManager.checkAndUpdateDictionaries(DictionaryManager.java:329)
	at org.apache.doris.dictionary.DictionaryManager.runAfterCatalogReady(DictionaryManager.java:134)
	at org.apache.doris.common.util.MasterDaemon.runOneCycle(MasterDaemon.java:58)
	at org.apache.doris.common.util.Daemon.run(Daemon.java:119)
RuntimeLogger 2026-02-26 00:36:16,297 WARN (Dictionary Manager|84) [DictionaryManager.runAfterCatalogReady():136] Failed to check and update dictionaries
java.lang.RuntimeException: failed to get dictionary status from backend[1771943643682]
	at org.apache.doris.dictionary.DictionaryManager.collectDictionaryStatus(DictionaryManager.java:732)
	at org.apache.doris.dictionary.DictionaryManager.checkAndUpdateDictionaries(DictionaryManager.java:329)
	at org.apache.doris.dictionary.DictionaryManager.runAfterCatalogReady(DictionaryManager.java:134)
	at org.apache.doris.common.util.MasterDaemon.runOneCycle(MasterDaemon.java:58)
	at org.apache.doris.common.util.Daemon.run(Daemon.java:119)
RuntimeLogger 2026-02-26 00:36:19,655 WARN (heartbeat-mgr-pool-6|256) [HeartbeatMgr$BackendHeartbeatHandler.pingOnce():377] backend heartbeat got exception
org.apache.thrift.transport.TTransportException: java.net.SocketTimeoutException: Connect timed out
	at org.apache.thrift.transport.TSocket.open(TSocket.java:255)
	at org.apache.doris.common.GenericPool$ThriftClientFactory.create(GenericPool.java:143)
	at org.apache.doris.common.GenericPool$ThriftClientFactory.create(GenericPool.java:126)
	at org.apache.commons.pool2.BaseKeyedPooledObjectFactory.makeObject(BaseKeyedPooledObjectFactory.java:62)
	at org.apache.commons.pool2.impl.GenericKeyedObjectPool.create(GenericKeyedObjectPool.java:1012)
	at org.apache.commons.pool2.impl.GenericKeyedObjectPool.borrowObject(GenericKeyedObjectPool.java:356)
	at org.apache.commons.pool2.impl.GenericKeyedObjectPool.borrowObject(GenericKeyedObjectPool.java:277)
	at org.apache.doris.common.GenericPool.borrowObject(GenericPool.java:95)
	at org.apache.doris.system.HeartbeatMgr$BackendHeartbeatHandler.pingOnce(HeartbeatMgr.java:313)
	at org.apache.doris.system.HeartbeatMgr$BackendHeartbeatHandler.call(HeartbeatMgr.java:283)
	at org.apache.doris.system.HeartbeatMgr$BackendHeartbeatHandler.call(HeartbeatMgr.java:269)
	at java.base/java.util.concurrent.FutureTask.run(FutureTask.java:264)
	at java.base/java.util.concurrent.ThreadPoolExecutor.runWorker(ThreadPoolExecutor.java:1136)
	at java.base/java.util.concurrent.ThreadPoolExecutor$Worker.run(ThreadPoolExecutor.java:635)
	at java.base/java.lang.Thread.run(Thread.java:833)
Caused by: java.net.SocketTimeoutException: Connect timed out
	at java.base/sun.nio.ch.NioSocketImpl.timedFinishConnect(NioSocketImpl.java:546)
	at java.base/sun.nio.ch.NioSocketImpl.connect(NioSocketImpl.java:597)
	at java.base/java.net.SocksSocketImpl.connect(SocksSocketImpl.java:327)
	at java.base/java.net.Socket.connect(Socket.java:633)
	at org.apache.thrift.transport.TSocket.open(TSocket.java:250)
	... 14 more
RuntimeLogger 2026-02-26 00:36:19,655 WARN (heartbeat mgr|29) [HeartbeatMgr.runAfterCatalogReady():165] get bad heartbeat response: type: BACKEND, status: BAD, msg: java.net.SocketTimeoutException: Connect timed out, beId: 1771943643682, beHost: 172.20.80.5, bePort: 0, httpPort: 0, brpcPort: 0, arrowFlightSqlPort: 0
RuntimeLogger 2026-02-26 00:36:19,655 WARN (heartbeat mgr|29) [Backend.handleHbResponse():960] Backend [id=1771943643682, host=172.20.80.5, heartbeatPort=9050, alive=false, lastStartTime=2026-02-25 13:38:54, process epoch=1772026734614, isDecommissioned=false, tags: {cloud_cluster_id=compute_cluster_id_0, cloud_unique_id=1:doris_cluster:be-02, cloud_cluster_status=NORMAL, cloud_cluster_name=compute_cluster_0, private_endpoint=, location=default, public_endpoint=}], backendStatus: [lastSuccessReportTabletsTime='null', lastStreamLoadTime=-1, isQueryDisabled=false, isLoadDisabled=false, currentFragmentNum=2, lastFragmentUpdateTime=1772066155871] is dead,
RuntimeLogger 2026-02-26 00:36:19,655 WARN (heartbeat mgr|29) [HeartbeatMgr.runAfterCatalogReady():165] get bad heartbeat response: type: BACKEND, status: BAD, msg: java.net.ConnectException: Connection refused, beId: 1771943643681, beHost: 172.20.80.4, bePort: 0, httpPort: 0, brpcPort: 0, arrowFlightSqlPort: 0
RuntimeLogger 2026-02-26 00:36:19,656 WARN (heartbeat mgr|29) [Backend.handleHbResponse():960] Backend [id=1771943643681, host=172.20.80.4, heartbeatPort=9050, alive=false, lastStartTime=2026-02-25 13:38:53, process epoch=1772026733230, isDecommissioned=false, tags: {cloud_cluster_id=compute_cluster_id_0, cloud_unique_id=1:doris_cluster:be-01, cloud_cluster_status=NORMAL, cloud_cluster_name=compute_cluster_0, private_endpoint=, location=default, public_endpoint=}], backendStatus: [lastSuccessReportTabletsTime='null', lastStreamLoadTime=-1, isQueryDisabled=false, isLoadDisabled=false, currentFragmentNum=0, lastFragmentUpdateTime=1772065987195] is dead,
RuntimeLogger 2026-02-26 00:36:19,706 WARN (Statistics Job Appender|47) [CloudReplica.hashReplicaToBe():439] failed to get available be, clusterId: compute_cluster_id_0
RuntimeLogger 2026-02-26 00:36:19,706 WARN (Statistics Job Appender|47) [Tablet.getNormalReplicaBackendIds():243] failed to getNormalReplicaBackendIds
org.apache.doris.cloud.qe.ComputeGroupException: errCode = 2, detailMessage = All the Backend nodes in the current compute group compute_cluster_0 are in an abnormal state, ComputeGroupException: COMPUTE_GROUPS_NO_ALIVE_BE, you can wait a moment and try again, or execute another query
	at org.apache.doris.cloud.catalog.CloudReplica.hashReplicaToBe(CloudReplica.java:442)
	at org.apache.doris.cloud.catalog.CloudReplica.getBackendIdImpl(CloudReplica.java:368)
	at org.apache.doris.cloud.catalog.CloudReplica.getBackendId(CloudReplica.java:165)
	at org.apache.doris.catalog.Tablet.lambda$getNormalReplicaBackendPathMap$0(Tablet.java:281)
	at org.apache.doris.catalog.Tablet.getNormalReplicaBackendPathMapImpl(Tablet.java:258)
	at org.apache.doris.catalog.Tablet.getNormalReplicaBackendPathMap(Tablet.java:281)
	at org.apache.doris.cloud.catalog.CloudTablet.getNormalReplicaBackendPathMap(CloudTablet.java:73)
	at org.apache.doris.catalog.Tablet.getNormalReplicaBackendIds(Tablet.java:241)
	at org.apache.doris.statistics.util.StatisticsUtil.lambda$statsTblAvailable$7(StatisticsUtil.java:540)
	at java.base/java.util.stream.MatchOps$1MatchSink.accept(MatchOps.java:90)
	at java.base/java.util.ArrayList$ArrayListSpliterator.tryAdvance(ArrayList.java:1602)
	at java.base/java.util.stream.ReferencePipeline.forEachWithCancel(ReferencePipeline.java:129)
	at java.base/java.util.stream.AbstractPipeline.copyIntoWithCancel(AbstractPipeline.java:527)
	at java.base/java.util.stream.AbstractPipeline.copyInto(AbstractPipeline.java:513)
	at java.base/java.util.stream.AbstractPipeline.wrapAndCopyInto(AbstractPipeline.java:499)
	at java.base/java.util.stream.MatchOps$MatchOp.evaluateSequential(MatchOps.java:230)
	at java.base/java.util.stream.MatchOps$MatchOp.evaluateSequential(MatchOps.java:196)
	at java.base/java.util.stream.AbstractPipeline.evaluate(AbstractPipeline.java:234)
	at java.base/java.util.stream.ReferencePipeline.anyMatch(ReferencePipeline.java:632)
	at org.apache.doris.statistics.util.StatisticsUtil.statsTblAvailable(StatisticsUtil.java:540)
	at org.apache.doris.statistics.StatisticsJobAppender.runAfterCatalogReady(StatisticsJobAppender.java:74)
	at org.apache.doris.common.util.MasterDaemon.runOneCycle(MasterDaemon.java:58)
	at org.apache.doris.common.util.Daemon.run(Daemon.java:119)
RuntimeLogger 2026-02-26 00:36:20,707 WARN (Statistics Job Appender|47) [CloudReplica.hashReplicaToBe():439] failed to get available be, clusterId: compute_cluster_id_0
RuntimeLogger 2026-02-26 00:36:20,707 WARN (Statistics Job Appender|47) [Tablet.getNormalReplicaBackendIds():243] failed to getNormalReplicaBackendIds
org.apache.doris.cloud.qe.ComputeGroupException: errCode = 2, detailMessage = All the Backend nodes in the current compute group compute_cluster_0 are in an abnormal state, ComputeGroupException: COMPUTE_GROUPS_NO_ALIVE_BE, you can wait a moment and try again, or execute another query
	at org.apache.doris.cloud.catalog.CloudReplica.hashReplicaToBe(CloudReplica.java:442)
	at org.apache.doris.cloud.catalog.CloudReplica.getBackendIdImpl(CloudReplica.java:368)
	at org.apache.doris.cloud.catalog.CloudReplica.getBackendId(CloudReplica.java:165)
	at org.apache.doris.catalog.Tablet.lambda$getNormalReplicaBackendPathMap$0(Tablet.java:281)
	at org.apache.doris.catalog.Tablet.getNormalReplicaBackendPathMapImpl(Tablet.java:258)
	at org.apache.doris.catalog.Tablet.getNormalReplicaBackendPathMap(Tablet.java:281)
	at org.apache.doris.cloud.catalog.CloudTablet.getNormalReplicaBackendPathMap(CloudTablet.java:73)
	at org.apache.doris.catalog.Tablet.getNormalReplicaBackendIds(Tablet.java:241)
	at org.apache.doris.statistics.util.StatisticsUtil.lambda$statsTblAvailable$7(StatisticsUtil.java:540)
	at java.base/java.util.stream.MatchOps$1MatchSink.accept(MatchOps.java:90)
	at java.base/java.util.ArrayList$ArrayListSpliterator.tryAdvance(ArrayList.java:1602)
	at java.base/java.util.stream.ReferencePipeline.forEachWithCancel(ReferencePipeline.java:129)
	at java.base/java.util.stream.AbstractPipeline.copyIntoWithCancel(AbstractPipeline.java:527)
	at java.base/java.util.stream.AbstractPipeline.copyInto(AbstractPipeline.java:513)
	at java.base/java.util.stream.AbstractPipeline.wrapAndCopyInto(AbstractPipeline.java:499)
	at java.base/java.util.stream.MatchOps$MatchOp.evaluateSequential(MatchOps.java:230)
	at java.base/java.util.stream.MatchOps$MatchOp.evaluateSequential(MatchOps.java:196)
	at java.base/java.util.stream.AbstractPipeline.evaluate(AbstractPipeline.java:234)
	at java.base/java.util.stream.ReferencePipeline.anyMatch(ReferencePipeline.java:632)
	at org.apache.doris.statistics.util.StatisticsUtil.statsTblAvailable(StatisticsUtil.java:540)
	at org.apache.doris.statistics.StatisticsJobAppender.runAfterCatalogReady(StatisticsJobAppender.java:74)
	at org.apache.doris.common.util.MasterDaemon.runOneCycle(MasterDaemon.java:58)
	at org.apache.doris.common.util.Daemon.run(Daemon.java:119)
RuntimeLogger 2026-02-26 00:36:21,709 WARN (Statistics Job Appender|47) [CloudReplica.hashReplicaToBe():439] failed to get available be, clusterId: compute_cluster_id_0
RuntimeLogger 2026-02-26 00:36:21,709 WARN (Statistics Job Appender|47) [Tablet.getNormalReplicaBackendIds():243] failed to getNormalReplicaBackendIds
org.apache.doris.cloud.qe.ComputeGroupException: errCode = 2, detailMessage = All the Backend nodes in the current compute group compute_cluster_0 are in an abnormal state, ComputeGroupException: COMPUTE_GROUPS_NO_ALIVE_BE, you can wait a moment and try again, or execute another query
	at org.apache.doris.cloud.catalog.CloudReplica.hashReplicaToBe(CloudReplica.java:442)
	at org.apache.doris.cloud.catalog.CloudReplica.getBackendIdImpl(CloudReplica.java:368)
	at org.apache.doris.cloud.catalog.CloudReplica.getBackendId(CloudReplica.java:165)
	at org.apache.doris.catalog.Tablet.lambda$getNormalReplicaBackendPathMap$0(Tablet.java:281)
	at org.apache.doris.catalog.Tablet.getNormalReplicaBackendPathMapImpl(Tablet.java:258)
	at org.apache.doris.catalog.Tablet.getNormalReplicaBackendPathMap(Tablet.java:281)
	at org.apache.doris.cloud.catalog.CloudTablet.getNormalReplicaBackendPathMap(CloudTablet.java:73)
	at org.apache.doris.catalog.Tablet.getNormalReplicaBackendIds(Tablet.java:241)
	at org.apache.doris.statistics.util.StatisticsUtil.lambda$statsTblAvailable$7(StatisticsUtil.java:540)
	at java.base/java.util.stream.MatchOps$1MatchSink.accept(MatchOps.java:90)
	at java.base/java.util.ArrayList$ArrayListSpliterator.tryAdvance(ArrayList.java:1602)
	at java.base/java.util.stream.ReferencePipeline.forEachWithCancel(ReferencePipeline.java:129)
	at java.base/java.util.stream.AbstractPipeline.copyIntoWithCancel(AbstractPipeline.java:527)
	at java.base/java.util.stream.AbstractPipeline.copyInto(AbstractPipeline.java:513)
	at java.base/java.util.stream.AbstractPipeline.wrapAndCopyInto(AbstractPipeline.java:499)
	at java.base/java.util.stream.MatchOps$MatchOp.evaluateSequential(MatchOps.java:230)
	at java.base/java.util.stream.MatchOps$MatchOp.evaluateSequential(MatchOps.java:196)
	at java.base/java.util.stream.AbstractPipeline.evaluate(AbstractPipeline.java:234)
	at java.base/java.util.stream.ReferencePipeline.anyMatch(ReferencePipeline.java:632)
	at org.apache.doris.statistics.util.StatisticsUtil.statsTblAvailable(StatisticsUtil.java:540)
	at org.apache.doris.statistics.StatisticsJobAppender.runAfterCatalogReady(StatisticsJobAppender.java:74)
	at org.apache.doris.common.util.MasterDaemon.runOneCycle(MasterDaemon.java:58)
	at org.apache.doris.common.util.Daemon.run(Daemon.java:119)
RuntimeLogger 2026-02-26 00:36:22,710 WARN (Statistics Job Appender|47) [CloudReplica.hashReplicaToBe():439] failed to get available be, clusterId: compute_cluster_id_0
RuntimeLogger 2026-02-26 00:36:22,710 WARN (Statistics Job Appender|47) [Tablet.getNormalReplicaBackendIds():243] failed to getNormalReplicaBackendIds
org.apache.doris.cloud.qe.ComputeGroupException: errCode = 2, detailMessage = All the Backend nodes in the current compute group compute_cluster_0 are in an abnormal state, ComputeGroupException: COMPUTE_GROUPS_NO_ALIVE_BE, you can wait a moment and try again, or execute another query
	at org.apache.doris.cloud.catalog.CloudReplica.hashReplicaToBe(CloudReplica.java:442)
	at org.apache.doris.cloud.catalog.CloudReplica.getBackendIdImpl(CloudReplica.java:368)
	at org.apache.doris.cloud.catalog.CloudReplica.getBackendId(CloudReplica.java:165)
	at org.apache.doris.catalog.Tablet.lambda$getNormalReplicaBackendPathMap$0(Tablet.java:281)
	at org.apache.doris.catalog.Tablet.getNormalReplicaBackendPathMapImpl(Tablet.java:258)
	at org.apache.doris.catalog.Tablet.getNormalReplicaBackendPathMap(Tablet.java:281)
	at org.apache.doris.cloud.catalog.CloudTablet.getNormalReplicaBackendPathMap(CloudTablet.java:73)
	at org.apache.doris.catalog.Tablet.getNormalReplicaBackendIds(Tablet.java:241)
	at org.apache.doris.statistics.util.StatisticsUtil.lambda$statsTblAvailable$7(StatisticsUtil.java:540)
	at java.base/java.util.stream.MatchOps$1MatchSink.accept(MatchOps.java:90)
	at java.base/java.util.ArrayList$ArrayListSpliterator.tryAdvance(ArrayList.java:1602)
	at java.base/java.util.stream.ReferencePipeline.forEachWithCancel(ReferencePipeline.java:129)
	at java.base/java.util.stream.AbstractPipeline.copyIntoWithCancel(AbstractPipeline.java:527)
	at java.base/java.util.stream.AbstractPipeline.copyInto(AbstractPipeline.java:513)
	at java.base/java.util.stream.AbstractPipeline.wrapAndCopyInto(AbstractPipeline.java:499)
	at java.base/java.util.stream.MatchOps$MatchOp.evaluateSequential(MatchOps.java:230)
	at java.base/java.util.stream.MatchOps$MatchOp.evaluateSequential(MatchOps.java:196)
	at java.base/java.util.stream.AbstractPipeline.evaluate(AbstractPipeline.java:234)
	at java.base/java.util.stream.ReferencePipeline.anyMatch(ReferencePipeline.java:632)
	at org.apache.doris.statistics.util.StatisticsUtil.statsTblAvailable(StatisticsUtil.java:540)
	at org.apache.doris.statistics.StatisticsJobAppender.runAfterCatalogReady(StatisticsJobAppender.java:74)
	at org.apache.doris.common.util.MasterDaemon.runOneCycle(MasterDaemon.java:58)
	at org.apache.doris.common.util.Daemon.run(Daemon.java:119)
RuntimeLogger 2026-02-26 00:36:23,711 WARN (Statistics Job Appender|47) [CloudReplica.hashReplicaToBe():439] failed to get available be, clusterId: compute_cluster_id_0
RuntimeLogger 2026-02-26 00:36:23,711 WARN (Statistics Job Appender|47) [Tablet.getNormalReplicaBackendIds():243] failed to getNormalReplicaBackendIds
org.apache.doris.cloud.qe.ComputeGroupException: errCode = 2, detailMessage = All the Backend nodes in the current compute group compute_cluster_0 are in an abnormal state, ComputeGroupException: COMPUTE_GROUPS_NO_ALIVE_BE, you can wait a moment and try again, or execute another query
	at org.apache.doris.cloud.catalog.CloudReplica.hashReplicaToBe(CloudReplica.java:442)
	at org.apache.doris.cloud.catalog.CloudReplica.getBackendIdImpl(CloudReplica.java:368)
	at org.apache.doris.cloud.catalog.CloudReplica.getBackendId(CloudReplica.java:165)
	at org.apache.doris.catalog.Tablet.lambda$getNormalReplicaBackendPathMap$0(Tablet.java:281)
	at org.apache.doris.catalog.Tablet.getNormalReplicaBackendPathMapImpl(Tablet.java:258)
	at org.apache.doris.catalog.Tablet.getNormalReplicaBackendPathMap(Tablet.java:281)
	at org.apache.doris.cloud.catalog.CloudTablet.getNormalReplicaBackendPathMap(CloudTablet.java:73)
	at org.apache.doris.catalog.Tablet.getNormalReplicaBackendIds(Tablet.java:241)
	at org.apache.doris.statistics.util.StatisticsUtil.lambda$statsTblAvailable$7(StatisticsUtil.java:540)
	at java.base/java.util.stream.MatchOps$1MatchSink.accept(MatchOps.java:90)
	at java.base/java.util.ArrayList$ArrayListSpliterator.tryAdvance(ArrayList.java:1602)
	at java.base/java.util.stream.ReferencePipeline.forEachWithCancel(ReferencePipeline.java:129)
	at java.base/java.util.stream.AbstractPipeline.copyIntoWithCancel(AbstractPipeline.java:527)
	at java.base/java.util.stream.AbstractPipeline.copyInto(AbstractPipeline.java:513)
	at java.base/java.util.stream.AbstractPipeline.wrapAndCopyInto(AbstractPipeline.java:499)
	at java.base/java.util.stream.MatchOps$MatchOp.evaluateSequential(MatchOps.java:230)
	at java.base/java.util.stream.MatchOps$MatchOp.evaluateSequential(MatchOps.java:196)
	at java.base/java.util.stream.AbstractPipeline.evaluate(AbstractPipeline.java:234)
	at java.base/java.util.stream.ReferencePipeline.anyMatch(ReferencePipeline.java:632)
	at org.apache.doris.statistics.util.StatisticsUtil.statsTblAvailable(StatisticsUtil.java:540)
	at org.apache.doris.statistics.StatisticsJobAppender.runAfterCatalogReady(StatisticsJobAppender.java:74)
	at org.apache.doris.common.util.MasterDaemon.runOneCycle(MasterDaemon.java:58)
	at org.apache.doris.common.util.Daemon.run(Daemon.java:119)
RuntimeLogger 2026-02-26 00:36:24,712 WARN (Statistics Job Appender|47) [CloudReplica.hashReplicaToBe():439] failed to get available be, clusterId: compute_cluster_id_0
